2025-07-23 15:15:23,906 INFO b.i.t.e.u.p.BasePage [main] clickCloseCookie start
2025-07-23 15:15:23,909 INFO b.i.t.e.u.d.Driver [main] Получиение элемента по локатору By.xpath: //button[@class='btn btn_size_medium btn_colour_black cookies_button__qWM6Y']
2025-07-23 15:15:24,789 INFO b.i.t.e.u.p.BasePage [main] SUBMIT_BUTTON_COOKIE_LOCATOR clicked
2025-07-23 15:15:24,789 INFO b.i.t.e.u.p.BasePage [main] clickLoginProfile start
2025-07-23 15:15:24,789 INFO b.i.t.e.u.d.Driver [main] Получиение элемента по локатору By.xpath: //button[@class='touchable_button__GJNQZ actions_action__button__OiPrx']
2025-07-23 15:15:25,412 INFO b.i.t.e.u.p.BasePage [main] SUBMIT_BUTTON_LOGIN_LOCATOR clicked
2025-07-23 15:15:25,416 INFO b.i.t.e.u.d.Driver [main] Получиение элемента по локатору By.xpath: //h1[@class='wrapper_title__9r4Xa']
2025-07-23 15:15:25,822 INFO b.i.t.e.u.d.Driver [main] Получиение элемента по локатору By.xpath: //label[text()='Номер телефона']
2025-07-23 15:15:25,836 INFO b.i.t.e.u.d.Driver [main] Получиение элемента по локатору By.xpath: //span[text()='Войти по паролю']
2025-07-23 15:15:25,851 INFO b.i.t.e.u.d.Driver [main] Получиение элемента по локатору By.xpath: //span[text()='Зарегистрироваться']
2025-07-23 15:15:25,865 INFO b.i.t.e.u.d.Driver [main] Получиение элемента по локатору By.xpath: //span[text()='Получить код']
2025-07-23 15:15:27,889 INFO b.i.t.e.u.p.BasePage [main] clickCloseCookie start
2025-07-23 15:15:27,889 INFO b.i.t.e.u.d.Driver [main] Получиение элемента по локатору By.xpath: //button[@class='btn btn_size_medium btn_colour_black cookies_button__qWM6Y']
2025-07-23 15:15:28,783 INFO b.i.t.e.u.p.BasePage [main] SUBMIT_BUTTON_COOKIE_LOCATOR clicked
2025-07-23 15:15:28,784 INFO b.i.t.e.u.p.BasePage [main] clickLoginProfile start
2025-07-23 15:15:28,784 INFO b.i.t.e.u.d.Driver [main] Получиение элемента по локатору By.xpath: //button[@class='touchable_button__GJNQZ actions_action__button__OiPrx']
2025-07-23 15:15:29,437 INFO b.i.t.e.u.p.BasePage [main] SUBMIT_BUTTON_LOGIN_LOCATOR clicked
2025-07-23 15:15:29,437 INFO b.i.t.e.u.d.Driver [main] Получиение элемента по локатору By.xpath: //input[@id='tel']
2025-07-23 15:15:29,654 INFO b.i.t.e.u.p.l.LoginPage [main] clickSubmitButton start
2025-07-23 15:15:29,654 INFO b.i.t.e.u.d.Driver [main] Получиение элемента по локатору By.xpath: //button[@type='submit']
2025-07-23 15:15:29,732 INFO b.i.t.e.u.p.l.LoginPage [main] SUBMIT_BUTTON clicked
2025-07-23 15:15:29,732 INFO b.i.t.e.u.d.Driver [main] Получиение элемента по локатору By.xpath: //div[@class='new-input-phone_message__H_yAc']
2025-07-23 15:15:32,373 INFO b.i.t.e.u.p.BasePage [main] clickCloseCookie start
2025-07-23 15:15:32,373 INFO b.i.t.e.u.d.Driver [main] Получиение элемента по локатору By.xpath: //button[@class='btn btn_size_medium btn_colour_black cookies_button__qWM6Y']
2025-07-23 15:15:33,132 INFO b.i.t.e.u.p.BasePage [main] SUBMIT_BUTTON_COOKIE_LOCATOR clicked
2025-07-23 15:15:33,132 INFO b.i.t.e.u.p.BasePage [main] clickLoginProfile start
2025-07-23 15:15:33,133 INFO b.i.t.e.u.d.Driver [main] Получиение элемента по локатору By.xpath: //button[@class='touchable_button__GJNQZ actions_action__button__OiPrx']
2025-07-23 15:15:33,767 INFO b.i.t.e.u.p.BasePage [main] SUBMIT_BUTTON_LOGIN_LOCATOR clicked
2025-07-23 15:15:33,768 INFO b.i.t.e.u.d.Driver [main] Получиение элемента по локатору By.xpath: //input[@id='tel']
2025-07-23 15:15:34,159 INFO b.i.t.e.u.p.l.LoginPage [main] clickSubmitButton start
2025-07-23 15:15:34,159 INFO b.i.t.e.u.d.Driver [main] Получиение элемента по локатору By.xpath: //button[@type='submit']
2025-07-23 15:15:34,217 INFO b.i.t.e.u.p.l.LoginPage [main] SUBMIT_BUTTON clicked
2025-07-23 15:15:34,217 INFO b.i.t.e.u.d.Driver [main] Получиение элемента по локатору By.xpath: //div[@class='new-input-phone_message__H_yAc']
2025-07-23 15:15:36,321 INFO b.i.t.e.u.p.BasePage [main] clickCloseCookie start
2025-07-23 15:15:36,321 INFO b.i.t.e.u.d.Driver [main] Получиение элемента по локатору By.xpath: //button[@class='btn btn_size_medium btn_colour_black cookies_button__qWM6Y']
2025-07-23 15:15:37,235 INFO b.i.t.e.u.p.BasePage [main] SUBMIT_BUTTON_COOKIE_LOCATOR clicked
2025-07-23 15:15:37,235 INFO b.i.t.e.u.p.BasePage [main] clickLoginProfile start
2025-07-23 15:15:37,235 INFO b.i.t.e.u.d.Driver [main] Получиение элемента по локатору By.xpath: //button[@class='touchable_button__GJNQZ actions_action__button__OiPrx']
2025-07-23 15:15:37,859 INFO b.i.t.e.u.p.BasePage [main] SUBMIT_BUTTON_LOGIN_LOCATOR clicked
2025-07-23 15:15:37,859 INFO b.i.t.e.u.p.l.LoginPage [main] clickSubmitButtonEnterWithPassword start
2025-07-23 15:15:37,859 INFO b.i.t.e.u.d.Driver [main] Получиение элемента по локатору By.xpath: //button[@class='btn btn_size_medium btn_colour_black btn_type_secondary login_button__zjbHA login_enter_button__WJQjN']
2025-07-23 15:15:38,215 INFO b.i.t.e.u.p.l.LoginPage [main] SUBMIT_BUTTON_ENTER_WITH_PASSWORD clicked
2025-07-23 15:15:38,216 INFO b.i.t.e.u.d.Driver [main] Получиение элемента по локатору By.xpath: //input[@id='tel']
2025-07-23 15:15:38,274 INFO b.i.t.e.u.p.p.PasswordPage [main] clickSubmitButton start
2025-07-23 15:15:38,274 INFO b.i.t.e.u.d.Driver [main] Получиение элемента по локатору By.xpath: //form[@class='password_form__ECumm']//button[@type='submit']
2025-07-23 15:15:38,552 INFO b.i.t.e.u.p.p.PasswordPage [main] SUBMIT_BUTTON clicked
2025-07-23 15:15:38,552 INFO b.i.t.e.u.d.Driver [main] Получиение элемента по локатору By.xpath: //div[@class='password_error_message__KRNDP']
2025-07-23 15:15:40,832 INFO b.i.t.e.u.p.BasePage [main] clickCloseCookie start
2025-07-23 15:15:40,833 INFO b.i.t.e.u.d.Driver [main] Получиение элемента по локатору By.xpath: //button[@class='btn btn_size_medium btn_colour_black cookies_button__qWM6Y']
2025-07-23 15:15:41,699 INFO b.i.t.e.u.p.BasePage [main] SUBMIT_BUTTON_COOKIE_LOCATOR clicked
2025-07-23 15:15:41,699 INFO b.i.t.e.u.p.BasePage [main] clickLoginProfile start
2025-07-23 15:15:41,699 INFO b.i.t.e.u.d.Driver [main] Получиение элемента по локатору By.xpath: //button[@class='touchable_button__GJNQZ actions_action__button__OiPrx']
2025-07-23 15:15:42,323 INFO b.i.t.e.u.p.BasePage [main] SUBMIT_BUTTON_LOGIN_LOCATOR clicked
2025-07-23 15:15:42,323 INFO b.i.t.e.u.p.l.LoginPage [main] clickSubmitButtonEnterWithPassword start
2025-07-23 15:15:42,323 INFO b.i.t.e.u.d.Driver [main] Получиение элемента по локатору By.xpath: //button[@class='btn btn_size_medium btn_colour_black btn_type_secondary login_button__zjbHA login_enter_button__WJQjN']
2025-07-23 15:15:42,706 INFO b.i.t.e.u.p.l.LoginPage [main] SUBMIT_BUTTON_ENTER_WITH_PASSWORD clicked
2025-07-23 15:15:42,707 INFO b.i.t.e.u.d.Driver [main] Получиение элемента по локатору By.xpath: //input[@id='tel']
2025-07-23 15:15:42,765 INFO b.i.t.e.u.d.Driver [main] Получиение элемента по локатору By.xpath: //input[@id='current-password']
2025-07-23 15:15:43,013 INFO b.i.t.e.u.p.p.PasswordPage [main] clickSubmitButton start
2025-07-23 15:15:43,013 INFO b.i.t.e.u.d.Driver [main] Получиение элемента по локатору By.xpath: //form[@class='password_form__ECumm']//button[@type='submit']
2025-07-23 15:15:43,090 INFO b.i.t.e.u.p.p.PasswordPage [main] SUBMIT_BUTTON clicked
2025-07-23 15:15:43,090 INFO b.i.t.e.u.d.Driver [main] Получиение элемента по локатору By.xpath: //div[@class='password_error_message__KRNDP']
2025-07-23 15:15:45,316 INFO b.i.t.e.u.p.BasePage [main] clickCloseCookie start
2025-07-23 15:15:45,316 INFO b.i.t.e.u.d.Driver [main] Получиение элемента по локатору By.xpath: //button[@class='btn btn_size_medium btn_colour_black cookies_button__qWM6Y']
2025-07-23 15:15:46,086 INFO b.i.t.e.u.p.BasePage [main] SUBMIT_BUTTON_COOKIE_LOCATOR clicked
2025-07-23 15:15:46,087 INFO b.i.t.e.u.p.BasePage [main] clickLoginProfile start
2025-07-23 15:15:46,087 INFO b.i.t.e.u.d.Driver [main] Получиение элемента по локатору By.xpath: //button[@class='touchable_button__GJNQZ actions_action__button__OiPrx']
2025-07-23 15:15:46,745 INFO b.i.t.e.u.p.BasePage [main] SUBMIT_BUTTON_LOGIN_LOCATOR clicked
2025-07-23 15:15:46,745 INFO b.i.t.e.u.p.l.LoginPage [main] clickSubmitButtonEnterWithPassword start
2025-07-23 15:15:46,745 INFO b.i.t.e.u.d.Driver [main] Получиение элемента по локатору By.xpath: //button[@class='btn btn_size_medium btn_colour_black btn_type_secondary login_button__zjbHA login_enter_button__WJQjN']
2025-07-23 15:15:47,085 INFO b.i.t.e.u.p.l.LoginPage [main] SUBMIT_BUTTON_ENTER_WITH_PASSWORD clicked
2025-07-23 15:15:47,086 INFO b.i.t.e.u.d.Driver [main] Получиение элемента по локатору By.xpath: //h1[@class='wrapper_title__9r4Xa']
2025-07-23 15:15:47,103 INFO b.i.t.e.u.d.Driver [main] Получиение элемента по локатору By.xpath: //label[text()='Номер телефона']
2025-07-23 15:15:47,117 INFO b.i.t.e.u.d.Driver [main] Получиение элемента по локатору By.xpath: //label[text()='Пароль']
2025-07-23 15:15:47,335 INFO b.i.t.e.u.d.Driver [main] Получиение элемента по локатору By.xpath: //form[@class='password_form__ECumm']//button[@type='submit']
2025-07-23 15:15:47,349 INFO b.i.t.e.u.d.Driver [main] Получиение элемента по локатору By.xpath: //button[@class='btn btn_size_medium btn_colour_white password_button__Pt0gU']
2025-07-23 15:15:47,363 INFO b.i.t.e.u.d.Driver [main] Получиение элемента по локатору By.xpath: //button[@class='btn btn_size_medium btn_colour_black btn_type_secondary password_button__Pt0gU password_enter_phone_button__S9Fzj']
2025-07-23 15:15:47,376 INFO b.i.t.e.u.d.Driver [main] Получиение элемента по локатору By.xpath: //a[@class='password_forget_password__3_z8M']
2025-07-23 15:15:49,416 INFO b.i.t.e.u.p.BasePage [main] clickCloseCookie start
2025-07-23 15:15:49,416 INFO b.i.t.e.u.d.Driver [main] Получиение элемента по локатору By.xpath: //button[@class='btn btn_size_medium btn_colour_black cookies_button__qWM6Y']
2025-07-23 15:15:50,301 INFO b.i.t.e.u.p.BasePage [main] SUBMIT_BUTTON_COOKIE_LOCATOR clicked
2025-07-23 15:15:50,301 INFO b.i.t.e.u.p.BasePage [main] clickLoginProfile start
2025-07-23 15:15:50,301 INFO b.i.t.e.u.d.Driver [main] Получиение элемента по локатору By.xpath: //button[@class='touchable_button__GJNQZ actions_action__button__OiPrx']
2025-07-23 15:15:50,920 INFO b.i.t.e.u.p.BasePage [main] SUBMIT_BUTTON_LOGIN_LOCATOR clicked
2025-07-23 15:15:50,920 INFO b.i.t.e.u.p.l.LoginPage [main] clickSubmitButtonEnterWithPassword start
2025-07-23 15:15:50,920 INFO b.i.t.e.u.d.Driver [main] Получиение элемента по локатору By.xpath: //button[@class='btn btn_size_medium btn_colour_black btn_type_secondary login_button__zjbHA login_enter_button__WJQjN']
2025-07-23 15:15:51,276 INFO b.i.t.e.u.p.l.LoginPage [main] SUBMIT_BUTTON_ENTER_WITH_PASSWORD clicked
2025-07-23 15:15:51,276 INFO b.i.t.e.u.d.Driver [main] Получиение элемента по локатору By.xpath: //input[@id='current-password']
2025-07-23 15:15:51,527 INFO b.i.t.e.u.p.p.PasswordPage [main] clickSubmitButton start
2025-07-23 15:15:51,527 INFO b.i.t.e.u.d.Driver [main] Получиение элемента по локатору By.xpath: //form[@class='password_form__ECumm']//button[@type='submit']
2025-07-23 15:15:51,625 INFO b.i.t.e.u.p.p.PasswordPage [main] SUBMIT_BUTTON clicked
2025-07-23 15:15:51,625 INFO b.i.t.e.u.d.Driver [main] Получиение элемента по локатору By.xpath: //div[@class='password_error_message__KRNDP']
2025-07-23 15:15:53,782 INFO b.i.t.e.u.p.BasePage [main] clickCloseCookie start
2025-07-23 15:15:53,782 INFO b.i.t.e.u.d.Driver [main] Получиение элемента по локатору By.xpath: //button[@class='btn btn_size_medium btn_colour_black cookies_button__qWM6Y']
2025-07-23 15:15:54,568 INFO b.i.t.e.u.p.BasePage [main] SUBMIT_BUTTON_COOKIE_LOCATOR clicked
2025-07-23 15:15:54,569 INFO b.i.t.e.u.p.BasePage [main] clickLoginProfile start
2025-07-23 15:15:54,569 INFO b.i.t.e.u.d.Driver [main] Получиение элемента по локатору By.xpath: //button[@class='touchable_button__GJNQZ actions_action__button__OiPrx']
2025-07-23 15:15:54,917 INFO b.i.t.e.u.p.BasePage [main] SUBMIT_BUTTON_LOGIN_LOCATOR clicked
2025-07-23 15:15:54,917 INFO b.i.t.e.u.p.l.LoginPage [main] clickSubmitButtonEnterWithPassword start
2025-07-23 15:15:54,917 INFO b.i.t.e.u.d.Driver [main] Получиение элемента по локатору By.xpath: //button[@class='btn btn_size_medium btn_colour_black btn_type_secondary login_button__zjbHA login_enter_button__WJQjN']
2025-07-23 15:15:55,337 INFO b.i.t.e.u.p.l.LoginPage [main] SUBMIT_BUTTON_ENTER_WITH_PASSWORD clicked
2025-07-23 15:15:55,337 INFO b.i.t.e.u.p.p.PasswordPage [main] clickLinkForgetPassword start
2025-07-23 15:15:55,626 INFO b.i.t.e.u.p.p.PasswordPage [main] LINK_FORGET_PASSWORD clicked
2025-07-23 15:15:55,627 INFO b.i.t.e.u.d.Driver [main] Получиение элемента по локатору By.xpath: //input[@name='tel']
2025-07-23 15:15:55,687 INFO b.i.t.e.u.d.Driver [main] Получиение элемента по локатору By.xpath: //input[@name='family-name']
2025-07-23 15:15:55,878 INFO b.i.t.e.u.p.r.RecoveryPage [main] clickSubmitButton start
2025-07-23 15:15:55,878 INFO b.i.t.e.u.d.Driver [main] Получиение элемента по локатору By.xpath: //button[@type='submit']
2025-07-23 15:15:55,953 INFO b.i.t.e.u.p.r.RecoveryPage [main] BUTTON_SUBMIT clicked
2025-07-23 15:16:04,736 INFO b.i.t.e.u.p.BasePage [main] clickCloseCookie start
2025-07-23 15:16:04,736 INFO b.i.t.e.u.d.Driver [main] Получиение элемента по локатору By.xpath: //button[@class='btn btn_size_medium btn_colour_black cookies_button__qWM6Y']
2025-07-23 15:16:04,817 INFO b.i.t.e.u.p.BasePage [main] SUBMIT_BUTTON_COOKIE_LOCATOR clicked
2025-07-23 15:16:04,817 INFO b.i.t.e.u.p.BasePage [main] clickLoginProfile start
2025-07-23 15:16:04,817 INFO b.i.t.e.u.d.Driver [main] Получиение элемента по локатору By.xpath: //button[@class='touchable_button__GJNQZ actions_action__button__OiPrx']
2025-07-23 15:16:05,421 INFO b.i.t.e.u.p.BasePage [main] SUBMIT_BUTTON_LOGIN_LOCATOR clicked
2025-07-23 15:16:05,421 INFO b.i.t.e.u.p.l.LoginPage [main] clickSubmitButtonEnterWithPassword start
2025-07-23 15:16:05,421 INFO b.i.t.e.u.d.Driver [main] Получиение элемента по локатору By.xpath: //button[@class='btn btn_size_medium btn_colour_black btn_type_secondary login_button__zjbHA login_enter_button__WJQjN']
2025-07-23 15:16:05,951 INFO b.i.t.e.u.p.l.LoginPage [main] SUBMIT_BUTTON_ENTER_WITH_PASSWORD clicked
2025-07-23 15:16:05,951 INFO b.i.t.e.u.p.p.PasswordPage [main] clickLinkForgetPassword start
2025-07-23 15:16:06,214 INFO b.i.t.e.u.p.p.PasswordPage [main] LINK_FORGET_PASSWORD clicked
2025-07-23 15:16:06,215 INFO b.i.t.e.u.d.Driver [main] Получиение элемента по локатору By.xpath: //input[@name='tel']
2025-07-23 15:16:06,266 INFO b.i.t.e.u.p.r.RecoveryPage [main] clickInputCredential start
2025-07-23 15:16:06,266 INFO b.i.t.e.u.d.Driver [main] Получиение элемента по локатору By.xpath: //input[@name='family-name']
2025-07-23 15:16:06,500 INFO b.i.t.e.u.p.r.RecoveryPage [main] INPUT_CREDENTIAL clicked
2025-07-23 15:16:06,500 INFO b.i.t.e.u.p.r.RecoveryPage [main] clickSubmitButton start
2025-07-23 15:16:06,500 INFO b.i.t.e.u.d.Driver [main] Получиение элемента по локатору By.xpath: //button[@type='submit']
2025-07-23 15:16:06,573 INFO b.i.t.e.u.p.r.RecoveryPage [main] BUTTON_SUBMIT clicked
2025-07-23 15:16:08,717 INFO b.i.t.e.u.p.BasePage [main] clickCloseCookie start
2025-07-23 15:16:08,718 INFO b.i.t.e.u.d.Driver [main] Получиение элемента по локатору By.xpath: //button[@class='btn btn_size_medium btn_colour_black cookies_button__qWM6Y']
2025-07-23 15:16:09,496 INFO b.i.t.e.u.p.BasePage [main] SUBMIT_BUTTON_COOKIE_LOCATOR clicked
2025-07-23 15:16:09,497 INFO b.i.t.e.u.p.BasePage [main] clickLoginProfile start
2025-07-23 15:16:09,497 INFO b.i.t.e.u.d.Driver [main] Получиение элемента по локатору By.xpath: //button[@class='touchable_button__GJNQZ actions_action__button__OiPrx']
2025-07-23 15:16:10,139 INFO b.i.t.e.u.p.BasePage [main] SUBMIT_BUTTON_LOGIN_LOCATOR clicked
2025-07-23 15:16:10,139 INFO b.i.t.e.u.p.l.LoginPage [main] clickSubmitButtonEnterWithPassword start
2025-07-23 15:16:10,139 INFO b.i.t.e.u.d.Driver [main] Получиение элемента по локатору By.xpath: //button[@class='btn btn_size_medium btn_colour_black btn_type_secondary login_button__zjbHA login_enter_button__WJQjN']
2025-07-23 15:16:10,511 INFO b.i.t.e.u.p.l.LoginPage [main] SUBMIT_BUTTON_ENTER_WITH_PASSWORD clicked
2025-07-23 15:16:10,512 INFO b.i.t.e.u.p.p.PasswordPage [main] clickLinkForgetPassword start
2025-07-23 15:16:10,836 INFO b.i.t.e.u.p.p.PasswordPage [main] LINK_FORGET_PASSWORD clicked
2025-07-23 15:16:10,837 INFO b.i.t.e.u.d.Driver [main] Получиение элемента по локатору By.xpath: //input[@name='tel']
2025-07-23 15:16:10,885 INFO b.i.t.e.u.d.Driver [main] Получиение элемента по локатору By.xpath: //input[@name='family-name']
2025-07-23 15:16:11,123 INFO b.i.t.e.u.p.r.RecoveryPage [main] clickSubmitButton start
2025-07-23 15:16:11,123 INFO b.i.t.e.u.d.Driver [main] Получиение элемента по локатору By.xpath: //button[@type='submit']
2025-07-23 15:16:11,194 INFO b.i.t.e.u.p.r.RecoveryPage [main] BUTTON_SUBMIT clicked
2025-07-23 15:16:18,693 INFO b.i.t.e.u.p.BasePage [main] clickCloseCookie start
2025-07-23 15:16:18,693 INFO b.i.t.e.u.d.Driver [main] Получиение элемента по локатору By.xpath: //button[@class='btn btn_size_medium btn_colour_black cookies_button__qWM6Y']
2025-07-23 15:16:19,705 INFO b.i.t.e.u.p.BasePage [main] SUBMIT_BUTTON_COOKIE_LOCATOR clicked
2025-07-23 15:16:19,705 INFO b.i.t.e.u.p.BasePage [main] clickLoginProfile start
2025-07-23 15:16:19,705 INFO b.i.t.e.u.d.Driver [main] Получиение элемента по локатору By.xpath: //button[@class='touchable_button__GJNQZ actions_action__button__OiPrx']
2025-07-23 15:16:20,368 INFO b.i.t.e.u.p.BasePage [main] SUBMIT_BUTTON_LOGIN_LOCATOR clicked
2025-07-23 15:16:20,368 INFO b.i.t.e.u.p.l.LoginPage [main] clickSubmitButtonEnterWithPassword start
2025-07-23 15:16:20,368 INFO b.i.t.e.u.d.Driver [main] Получиение элемента по локатору By.xpath: //button[@class='btn btn_size_medium btn_colour_black btn_type_secondary login_button__zjbHA login_enter_button__WJQjN']
2025-07-23 15:16:20,612 INFO b.i.t.e.u.p.l.LoginPage [main] SUBMIT_BUTTON_ENTER_WITH_PASSWORD clicked
2025-07-23 15:16:20,613 INFO b.i.t.e.u.p.p.PasswordPage [main] clickLinkForgetPassword start
2025-07-23 15:16:20,931 INFO b.i.t.e.u.p.p.PasswordPage [main] LINK_FORGET_PASSWORD clicked
2025-07-23 15:16:20,931 INFO b.i.t.e.u.d.Driver [main] Получиение элемента по локатору By.xpath: //input[@name='family-name']
2025-07-23 15:16:21,171 INFO b.i.t.e.u.p.r.RecoveryPage [main] clickSubmitButton start
2025-07-23 15:16:21,171 INFO b.i.t.e.u.d.Driver [main] Получиение элемента по локатору By.xpath: //button[@type='submit']
2025-07-23 15:16:21,246 INFO b.i.t.e.u.p.r.RecoveryPage [main] BUTTON_SUBMIT clicked
2025-07-23 15:16:28,573 INFO b.i.t.e.u.p.BasePage [main] clickCloseCookie start
2025-07-23 15:16:28,574 INFO b.i.t.e.u.d.Driver [main] Получиение элемента по локатору By.xpath: //button[@class='btn btn_size_medium btn_colour_black cookies_button__qWM6Y']
2025-07-23 15:16:29,449 INFO b.i.t.e.u.p.BasePage [main] SUBMIT_BUTTON_COOKIE_LOCATOR clicked
2025-07-23 15:16:29,449 INFO b.i.t.e.u.p.BasePage [main] clickLoginProfile start
2025-07-23 15:16:29,449 INFO b.i.t.e.u.d.Driver [main] Получиение элемента по локатору By.xpath: //button[@class='touchable_button__GJNQZ actions_action__button__OiPrx']
2025-07-23 15:16:29,991 INFO b.i.t.e.u.p.BasePage [main] SUBMIT_BUTTON_LOGIN_LOCATOR clicked
2025-07-23 15:16:29,992 INFO b.i.t.e.u.p.l.LoginPage [main] clickSubmitButtonEnterWithPassword start
2025-07-23 15:16:29,992 INFO b.i.t.e.u.d.Driver [main] Получиение элемента по локатору By.xpath: //button[@class='btn btn_size_medium btn_colour_black btn_type_secondary login_button__zjbHA login_enter_button__WJQjN']
2025-07-23 15:16:30,464 INFO b.i.t.e.u.p.l.LoginPage [main] SUBMIT_BUTTON_ENTER_WITH_PASSWORD clicked
2025-07-23 15:16:30,465 INFO b.i.t.e.u.p.p.PasswordPage [main] clickLinkForgetPassword start
2025-07-23 15:16:30,733 INFO b.i.t.e.u.p.p.PasswordPage [main] LINK_FORGET_PASSWORD clicked
2025-07-23 15:16:30,733 INFO b.i.t.e.u.d.Driver [main] Получиение элемента по локатору By.xpath: //div[@id='__next']//h1[text()='Восстановление пароля']
2025-07-23 15:16:30,948 INFO b.i.t.e.u.d.Driver [main] Получиение элемента по локатору By.xpath: //button[@type='submit']
2025-07-23 15:16:30,964 INFO b.i.t.e.u.d.Driver [main] Получиение элемента по локатору By.xpath: //label[@class='new-input-phone_label__ykMt6']
2025-07-23 15:16:30,978 INFO b.i.t.e.u.d.Driver [main] Получиение элемента по локатору By.xpath: //label[@class='input_label__7sem_']
2025-07-23 15:16:33,058 INFO b.i.t.e.u.p.BasePage [main] clickCloseCookie start
2025-07-23 15:16:33,058 INFO b.i.t.e.u.d.Driver [main] Получиение элемента по локатору By.xpath: //button[@class='btn btn_size_medium btn_colour_black cookies_button__qWM6Y']
2025-07-23 15:16:33,879 INFO b.i.t.e.u.p.BasePage [main] SUBMIT_BUTTON_COOKIE_LOCATOR clicked
2025-07-23 15:16:33,879 INFO b.i.t.e.u.p.BasePage [main] clickLoginProfile start
2025-07-23 15:16:33,879 INFO b.i.t.e.u.d.Driver [main] Получиение элемента по локатору By.xpath: //button[@class='touchable_button__GJNQZ actions_action__button__OiPrx']
2025-07-23 15:16:34,520 INFO b.i.t.e.u.p.BasePage [main] SUBMIT_BUTTON_LOGIN_LOCATOR clicked
2025-07-23 15:16:34,521 INFO b.i.t.e.u.p.l.LoginPage [main] clickSubmitButtonRegistration start
2025-07-23 15:16:34,521 INFO b.i.t.e.u.d.Driver [main] Получиение элемента по локатору By.xpath: //button[@class='btn btn_size_medium btn_colour_white login_button__zjbHA']
2025-07-23 15:16:34,879 INFO b.i.t.e.u.p.l.LoginPage [main] SUBMIT_BUTTON_REGISTRATION clicked
2025-07-23 15:16:34,879 INFO b.i.t.e.u.p.r.RegistrationPage [main] clickCheckBox  start
2025-07-23 15:16:34,880 INFO b.i.t.e.u.d.Driver [main] Получиение элемента по локатору By.xpath: //li[@aria-label='emall.by']
2025-07-23 15:16:35,248 INFO b.i.t.e.u.p.r.RegistrationPage [main] CHECKBOX_LABEL clicked
2025-07-23 15:16:35,248 INFO b.i.t.e.u.p.r.RegistrationPage [main] clickCheckBox  start
2025-07-23 15:16:35,248 INFO b.i.t.e.u.d.Driver [main] Получиение элемента по локатору By.xpath: //li[@aria-label='evropochta.by']
2025-07-23 15:16:35,290 INFO b.i.t.e.u.p.r.RegistrationPage [main] CHECKBOX_LABEL clicked
2025-07-23 15:16:35,290 INFO b.i.t.e.u.p.r.RegistrationPage [main] clickCheckBox  start
2025-07-23 15:16:35,290 INFO b.i.t.e.u.d.Driver [main] Получиение элемента по локатору By.xpath: //li[@aria-label='Е-везунчики']
2025-07-23 15:16:35,333 INFO b.i.t.e.u.p.r.RegistrationPage [main] CHECKBOX_LABEL clicked
2025-07-23 15:16:35,334 INFO b.i.t.e.u.d.Driver [main] Получиение элемента по локатору By.xpath: //input[@name='name']
2025-07-23 15:16:35,394 INFO b.i.t.e.u.d.Driver [main] Получиение элемента по локатору By.xpath: //input[@name='surname']
2025-07-23 15:16:35,444 INFO b.i.t.e.u.d.Driver [main] Получиение элемента по локатору By.xpath: //input[@name='patronymic']
2025-07-23 15:16:35,497 INFO b.i.t.e.u.d.Driver [main] Получиение элемента по локатору By.xpath: //input[@name='phone']
2025-07-23 15:16:35,550 INFO b.i.t.e.u.d.Driver [main] Получиение элемента по локатору By.xpath: //input[@name='email']
2025-07-23 15:16:35,609 INFO b.i.t.e.u.d.Driver [main] Получиение элемента по локатору By.xpath: //input[@name='password']
2025-07-23 15:16:35,660 INFO b.i.t.e.u.d.Driver [main] Получиение элемента по локатору By.xpath: //input[@name='passwordAgain']
2025-07-23 15:16:35,720 INFO b.i.t.e.u.d.Driver [main] Получиение элемента по локатору By.xpath: //div[@class='consent-form_agreement__dg77R']//span[@class='checkbox__pseudo']
2025-07-23 15:16:35,832 INFO b.i.t.e.u.p.r.RegistrationPage [main] clickNextSubmitButton start
2025-07-23 15:16:35,832 INFO b.i.t.e.u.d.Driver [main] Получиение элемента по локатору By.xpath: //button[@class='btn btn_size_medium btn_colour_black policy-consent_scroll_to_bottom_button__hrzhC']
2025-07-23 15:16:35,926 INFO b.i.t.e.u.p.r.RegistrationPage [main] NEXT_BUTTON_SUBMIT clicked
2025-07-23 15:16:35,926 INFO b.i.t.e.u.d.Driver [main] Получиение элемента по локатору By.xpath: //div[@class='policy-consent_select_all__sB4P8']
2025-07-23 15:16:36,016 INFO b.i.t.e.u.d.Driver [main] Получиение элемента по локатору By.xpath: //div[@class='policy-consent_actions___OD8M']//button[@class='btn btn_size_medium btn_colour_black']
2025-07-23 15:16:36,074 INFO b.i.t.e.u.d.Driver [main] Получиение элемента по локатору By.xpath: //button[@class='btn btn_size_medium btn_colour_black']
2025-07-23 15:16:36,449 INFO b.i.t.e.u.d.Driver [main] Получиение элемента по локатору By.xpath: //h1[@class='wrapper_title__9r4Xa']
2025-07-23 15:16:38,843 INFO b.i.t.e.u.p.BasePage [main] clickCloseCookie start
2025-07-23 15:16:38,843 INFO b.i.t.e.u.d.Driver [main] Получиение элемента по локатору By.xpath: //button[@class='btn btn_size_medium btn_colour_black cookies_button__qWM6Y']
2025-07-23 15:16:39,710 INFO b.i.t.e.u.p.BasePage [main] SUBMIT_BUTTON_COOKIE_LOCATOR clicked
2025-07-23 15:16:39,710 INFO b.i.t.e.u.p.BasePage [main] clickLoginProfile start
2025-07-23 15:16:39,710 INFO b.i.t.e.u.d.Driver [main] Получиение элемента по локатору By.xpath: //button[@class='touchable_button__GJNQZ actions_action__button__OiPrx']
2025-07-23 15:16:40,343 INFO b.i.t.e.u.p.BasePage [main] SUBMIT_BUTTON_LOGIN_LOCATOR clicked
2025-07-23 15:16:40,343 INFO b.i.t.e.u.p.l.LoginPage [main] clickSubmitButtonRegistration start
2025-07-23 15:16:40,343 INFO b.i.t.e.u.d.Driver [main] Получиение элемента по локатору By.xpath: //button[@class='btn btn_size_medium btn_colour_white login_button__zjbHA']
2025-07-23 15:16:40,744 INFO b.i.t.e.u.p.l.LoginPage [main] SUBMIT_BUTTON_REGISTRATION clicked
2025-07-23 15:16:40,744 INFO b.i.t.e.u.d.Driver [main] Получиение элемента по локатору By.xpath: //button[@class='btn btn_size_medium btn_colour_black']
2025-07-23 15:16:41,149 INFO b.i.t.e.u.d.Driver [main] Получиение элемента по локатору By.xpath: //label[text()='Имя *']//following-sibling::div
2025-07-23 15:16:41,235 INFO b.i.t.e.u.d.Driver [main] Получиение элемента по локатору By.xpath: //label[text()='Фамилия *']//following-sibling::div
2025-07-23 15:16:41,248 INFO b.i.t.e.u.d.Driver [main] Получиение элемента по локатору By.xpath: //div[@class='new-input-phone_message__H_yAc']
2025-07-23 15:16:41,263 INFO b.i.t.e.u.d.Driver [main] Получиение элемента по локатору By.xpath: //div[@class='consent-form_form_passwords___okHf']//div[@class='error_error_wrap__m39JZ']
2025-07-23 15:16:41,276 INFO b.i.t.e.u.d.Driver [main] Получиение элемента по локатору By.xpath: //div[@class='consent-form_form_footer__ePyCM']//div[@class='error_error_wrap__m39JZ']
2025-07-23 15:16:43,238 INFO b.i.t.e.u.p.BasePage [main] clickCloseCookie start
2025-07-23 15:16:43,238 INFO b.i.t.e.u.d.Driver [main] Получиение элемента по локатору By.xpath: //button[@class='btn btn_size_medium btn_colour_black cookies_button__qWM6Y']
2025-07-23 15:16:44,117 INFO b.i.t.e.u.p.BasePage [main] SUBMIT_BUTTON_COOKIE_LOCATOR clicked
2025-07-23 15:16:44,117 INFO b.i.t.e.u.p.BasePage [main] clickLoginProfile start
2025-07-23 15:16:44,118 INFO b.i.t.e.u.d.Driver [main] Получиение элемента по локатору By.xpath: //button[@class='touchable_button__GJNQZ actions_action__button__OiPrx']
2025-07-23 15:16:44,756 INFO b.i.t.e.u.p.BasePage [main] SUBMIT_BUTTON_LOGIN_LOCATOR clicked
2025-07-23 15:16:44,756 INFO b.i.t.e.u.p.l.LoginPage [main] clickSubmitButtonRegistration start
2025-07-23 15:16:44,756 INFO b.i.t.e.u.d.Driver [main] Получиение элемента по локатору By.xpath: //button[@class='btn btn_size_medium btn_colour_white login_button__zjbHA']
2025-07-23 15:16:45,146 INFO b.i.t.e.u.p.l.LoginPage [main] SUBMIT_BUTTON_REGISTRATION clicked
2025-07-23 15:16:45,147 INFO b.i.t.e.u.d.Driver [main] Получиение элемента по локатору By.xpath: //input[@name='password']
2025-07-23 15:16:45,472 INFO b.i.t.e.u.d.Driver [main] Получиение элемента по локатору By.xpath: //input[@name='passwordAgain']
2025-07-23 15:16:45,549 INFO b.i.t.e.u.d.Driver [main] Получиение элемента по локатору By.xpath: //button[@class='btn btn_size_medium btn_colour_black']
2025-07-23 15:16:45,603 INFO b.i.t.e.u.d.Driver [main] Получиение элемента по локатору By.xpath: //div[@class='consent-form_form_passwords___okHf']//div[@class='error_error_wrap__m39JZ']
2025-07-23 15:16:47,691 INFO b.i.t.e.u.p.BasePage [main] clickCloseCookie start
2025-07-23 15:16:47,691 INFO b.i.t.e.u.d.Driver [main] Получиение элемента по локатору By.xpath: //button[@class='btn btn_size_medium btn_colour_black cookies_button__qWM6Y']
2025-07-23 15:16:48,490 INFO b.i.t.e.u.p.BasePage [main] SUBMIT_BUTTON_COOKIE_LOCATOR clicked
2025-07-23 15:16:48,490 INFO b.i.t.e.u.p.BasePage [main] clickLoginProfile start
2025-07-23 15:16:48,490 INFO b.i.t.e.u.d.Driver [main] Получиение элемента по локатору By.xpath: //button[@class='touchable_button__GJNQZ actions_action__button__OiPrx']
2025-07-23 15:16:49,132 INFO b.i.t.e.u.p.BasePage [main] SUBMIT_BUTTON_LOGIN_LOCATOR clicked
2025-07-23 15:16:49,132 INFO b.i.t.e.u.p.l.LoginPage [main] clickSubmitButtonRegistration start
2025-07-23 15:16:49,132 INFO b.i.t.e.u.d.Driver [main] Получиение элемента по локатору By.xpath: //button[@class='btn btn_size_medium btn_colour_white login_button__zjbHA']
2025-07-23 15:16:49,552 INFO b.i.t.e.u.p.l.LoginPage [main] SUBMIT_BUTTON_REGISTRATION clicked
2025-07-23 15:16:49,552 INFO b.i.t.e.u.d.Driver [main] Получиение элемента по локатору By.xpath: //h1[@class='consent-form_title__e72iS']
2025-07-23 15:16:49,895 INFO b.i.t.e.u.d.Driver [main] Получиение элемента по локатору By.xpath: //button[@class='btn btn_size_medium btn_colour_black']
2025-07-23 15:16:49,908 INFO b.i.t.e.u.d.Driver [main] Получиение элемента по локатору By.xpath: //p[@class='consent-form_password_note__cDqGj']
2025-07-23 15:16:49,920 INFO b.i.t.e.u.d.Driver [main] Получиение элемента по локатору By.xpath: //label[@class='new-input-phone_label__ykMt6']
2025-07-23 15:16:49,932 INFO b.i.t.e.u.d.Driver [main] Получиение элемента по локатору By.xpath: //a[@href='https://edostavkaby.tilda.ws']
2025-07-23 15:16:49,944 INFO b.i.t.e.u.d.Driver [main] Получиение элемента по локатору By.xpath: //li[@aria-label='emall.by']
2025-07-23 15:16:49,957 INFO b.i.t.e.u.d.Driver [main] Получиение элемента по локатору By.xpath: //li[@aria-label='evropochta.by']
2025-07-23 15:16:49,971 INFO b.i.t.e.u.d.Driver [main] Получиение элемента по локатору By.xpath: //li[@aria-label='Е-везунчики']
2025-07-23 15:16:49,999 INFO b.i.t.e.u.d.Driver [main] Получиение элемента по локатору By.xpath: //li[@aria-label='edostavka.by']
2025-07-23 15:16:50,013 INFO b.i.t.e.u.d.Driver [main] Получиение элемента по локатору By.xpath: //label[text()='Имя *']
2025-07-23 15:16:50,026 INFO b.i.t.e.u.d.Driver [main] Получиение элемента по локатору By.xpath: //label[text()='Фамилия *']
2025-07-23 15:16:50,040 INFO b.i.t.e.u.d.Driver [main] Получиение элемента по локатору By.xpath: //label[text()='Отчество']
2025-07-23 15:16:50,052 INFO b.i.t.e.u.d.Driver [main] Получиение элемента по локатору By.xpath: //label[text()='Email']
2025-07-23 15:16:50,064 INFO b.i.t.e.u.d.Driver [main] Получиение элемента по локатору By.xpath: //label[text()='Пароль']
2025-07-23 15:16:50,076 INFO b.i.t.e.u.d.Driver [main] Получиение элемента по локатору By.xpath: //label[text()='Повторите пароль']
2025-07-23 15:16:52,096 INFO b.i.t.e.u.p.BasePage [main] clickCloseCookie start
2025-07-23 15:16:52,096 INFO b.i.t.e.u.d.Driver [main] Получиение элемента по локатору By.xpath: //button[@class='btn btn_size_medium btn_colour_black cookies_button__qWM6Y']
2025-07-23 15:16:52,930 INFO b.i.t.e.u.p.BasePage [main] SUBMIT_BUTTON_COOKIE_LOCATOR clicked
2025-07-23 15:16:52,930 INFO b.i.t.e.u.p.BasePage [main] clickLoginProfile start
2025-07-23 15:16:52,930 INFO b.i.t.e.u.d.Driver [main] Получиение элемента по локатору By.xpath: //button[@class='touchable_button__GJNQZ actions_action__button__OiPrx']
2025-07-23 15:16:53,582 INFO b.i.t.e.u.p.BasePage [main] SUBMIT_BUTTON_LOGIN_LOCATOR clicked
2025-07-23 15:16:53,583 INFO b.i.t.e.u.p.l.LoginPage [main] clickSubmitButtonRegistration start
2025-07-23 15:16:53,583 INFO b.i.t.e.u.d.Driver [main] Получиение элемента по локатору By.xpath: //button[@class='btn btn_size_medium btn_colour_white login_button__zjbHA']
2025-07-23 15:16:53,866 INFO b.i.t.e.u.p.l.LoginPage [main] SUBMIT_BUTTON_REGISTRATION clicked
2025-07-23 15:16:53,866 INFO b.i.t.e.u.d.Driver [main] Получиение элемента по локатору By.xpath: //input[@name='name']
2025-07-23 15:16:54,293 INFO b.i.t.e.u.d.Driver [main] Получиение элемента по локатору By.xpath: //input[@name='surname']
2025-07-23 15:16:54,363 INFO b.i.t.e.u.d.Driver [main] Получиение элемента по локатору By.xpath: //input[@name='patronymic']
2025-07-23 15:16:54,405 INFO b.i.t.e.u.d.Driver [main] Получиение элемента по локатору By.xpath: //input[@name='phone']
2025-07-23 15:16:54,459 INFO b.i.t.e.u.d.Driver [main] Получиение элемента по локатору By.xpath: //input[@name='email']
2025-07-23 15:16:54,522 INFO b.i.t.e.u.d.Driver [main] Получиение элемента по локатору By.xpath: //input[@name='password']
2025-07-23 15:16:54,586 INFO b.i.t.e.u.d.Driver [main] Получиение элемента по локатору By.xpath: //input[@name='passwordAgain']
2025-07-23 15:16:54,659 INFO b.i.t.e.u.d.Driver [main] Получиение элемента по локатору By.xpath: //button[@class='btn btn_size_medium btn_colour_black']
2025-07-23 15:16:54,718 INFO b.i.t.e.u.d.Driver [main] Получиение элемента по локатору By.xpath: //label[text()='Имя *']//following-sibling::div
2025-07-23 15:16:54,798 INFO b.i.t.e.u.d.Driver [main] Получиение элемента по локатору By.xpath: //label[text()='Фамилия *']//following-sibling::div
2025-07-23 15:16:54,811 INFO b.i.t.e.u.d.Driver [main] Получиение элемента по локатору By.xpath: //label[text()='Отчество']//following-sibling::div
2025-07-23 15:16:54,824 INFO b.i.t.e.u.d.Driver [main] Получиение элемента по локатору By.xpath: //label[text()='Email']//following-sibling::div
2025-07-23 15:16:54,837 INFO b.i.t.e.u.d.Driver [main] Получиение элемента по локатору By.xpath: //div[@class='new-input-phone_message__H_yAc']
2025-07-23 15:16:54,849 INFO b.i.t.e.u.d.Driver [main] Получиение элемента по локатору By.xpath: //div[@class='consent-form_form_passwords___okHf']//div[@class='error_error_wrap__m39JZ']
2025-07-23 15:16:54,862 INFO b.i.t.e.u.d.Driver [main] Получиение элемента по локатору By.xpath: //div[@class='consent-form_form_footer__ePyCM']//div[@class='error_error_wrap__m39JZ']
2025-07-23 15:16:56,870 INFO b.i.t.e.u.p.BasePage [main] clickCloseCookie start
2025-07-23 15:16:56,870 INFO b.i.t.e.u.d.Driver [main] Получиение элемента по локатору By.xpath: //button[@class='btn btn_size_medium btn_colour_black cookies_button__qWM6Y']
2025-07-23 15:16:57,713 INFO b.i.t.e.u.p.BasePage [main] SUBMIT_BUTTON_COOKIE_LOCATOR clicked
2025-07-23 15:16:57,713 INFO b.i.t.e.u.d.Driver [main] Получиение элемента по локатору By.xpath: //input[@title='Поиск товаров']
2025-07-23 15:16:58,286 INFO b.i.t.e.u.d.Driver [main] Получиение элемента по локатору By.xpath: //input[@title='Поиск товаров']
2025-07-23 15:16:58,329 INFO b.i.t.e.u.d.Driver [main] Получиение элемента по локатору By.xpath: //input[@title='Поиск товаров']
2025-07-23 15:16:58,476 INFO b.i.t.e.u.d.Driver [main] Получиение элемента по локатору By.xpath: //h1[@class='typography typography_tag_h1 typography_weight_600 heading_heading__text__gP6AN heading_heading__text_level_1__7_duQ']
