2025-07-23 10:33:32,347 INFO b.i.t.e.u.p.BasePage [main] clickCloseCookie start
2025-07-23 10:33:32,350 INFO b.i.t.e.u.d.Driver [main] Получиение элемента по локатору By.xpath: //button[@class='btn btn_size_medium btn_colour_black cookies_button__qWM6Y']
2025-07-23 10:33:33,186 INFO b.i.t.e.u.p.BasePage [main] SUBMIT_BUTTON_COOKIE_LOCATOR clicked
2025-07-23 10:33:33,186 INFO b.i.t.e.u.p.BasePage [main] clickLoginProfile start
2025-07-23 10:33:33,187 INFO b.i.t.e.u.d.Driver [main] Получиение элемента по локатору By.xpath: //button[@class='touchable_button__GJNQZ actions_action__button__OiPrx']
2025-07-23 10:33:33,827 INFO b.i.t.e.u.p.BasePage [main] SUBMIT_BUTTON_LOGIN_LOCATOR clicked
2025-07-23 10:33:33,831 INFO b.i.t.e.u.d.Driver [main] Получиение элемента по локатору By.xpath: //h1[@class='wrapper_title__9r4Xa']
2025-07-23 10:33:34,174 INFO b.i.t.e.u.d.Driver [main] Получиение элемента по локатору By.xpath: //label[text()='Номер телефона']
2025-07-23 10:33:34,189 INFO b.i.t.e.u.d.Driver [main] Получиение элемента по локатору By.xpath: //span[text()='Войти по паролю']
2025-07-23 10:33:34,205 INFO b.i.t.e.u.d.Driver [main] Получиение элемента по локатору By.xpath: //span[text()='Зарегистрироваться']
2025-07-23 10:33:34,219 INFO b.i.t.e.u.d.Driver [main] Получиение элемента по локатору By.xpath: //span[text()='Получить код']
2025-07-23 10:33:36,512 INFO b.i.t.e.u.p.BasePage [main] clickCloseCookie start
2025-07-23 10:33:36,513 INFO b.i.t.e.u.d.Driver [main] Получиение элемента по локатору By.xpath: //button[@class='btn btn_size_medium btn_colour_black cookies_button__qWM6Y']
2025-07-23 10:33:37,306 INFO b.i.t.e.u.p.BasePage [main] SUBMIT_BUTTON_COOKIE_LOCATOR clicked
2025-07-23 10:33:37,306 INFO b.i.t.e.u.p.BasePage [main] clickLoginProfile start
2025-07-23 10:33:37,306 INFO b.i.t.e.u.d.Driver [main] Получиение элемента по локатору By.xpath: //button[@class='touchable_button__GJNQZ actions_action__button__OiPrx']
2025-07-23 10:33:38,034 INFO b.i.t.e.u.p.BasePage [main] SUBMIT_BUTTON_LOGIN_LOCATOR clicked
2025-07-23 10:33:38,035 INFO b.i.t.e.u.d.Driver [main] Получиение элемента по локатору By.xpath: //input[@id='tel']
2025-07-23 10:33:38,217 INFO b.i.t.e.u.p.l.LoginPage [main] clickSubmitButton start
2025-07-23 10:33:38,218 INFO b.i.t.e.u.d.Driver [main] Получиение элемента по локатору By.xpath: //button[@type='submit']
2025-07-23 10:33:38,290 INFO b.i.t.e.u.p.l.LoginPage [main] SUBMIT_BUTTON clicked
2025-07-23 10:33:38,290 INFO b.i.t.e.u.d.Driver [main] Получиение элемента по локатору By.xpath: //div[@class='new-input-phone_message__H_yAc']
2025-07-23 10:33:40,533 INFO b.i.t.e.u.p.BasePage [main] clickCloseCookie start
2025-07-23 10:33:40,534 INFO b.i.t.e.u.d.Driver [main] Получиение элемента по локатору By.xpath: //button[@class='btn btn_size_medium btn_colour_black cookies_button__qWM6Y']
2025-07-23 10:33:41,303 INFO b.i.t.e.u.p.BasePage [main] SUBMIT_BUTTON_COOKIE_LOCATOR clicked
2025-07-23 10:33:41,304 INFO b.i.t.e.u.p.BasePage [main] clickLoginProfile start
2025-07-23 10:33:41,304 INFO b.i.t.e.u.d.Driver [main] Получиение элемента по локатору By.xpath: //button[@class='touchable_button__GJNQZ actions_action__button__OiPrx']
2025-07-23 10:33:41,979 INFO b.i.t.e.u.p.BasePage [main] SUBMIT_BUTTON_LOGIN_LOCATOR clicked
2025-07-23 10:33:41,980 INFO b.i.t.e.u.d.Driver [main] Получиение элемента по локатору By.xpath: //input[@id='tel']
2025-07-23 10:33:42,149 INFO b.i.t.e.u.p.l.LoginPage [main] clickSubmitButton start
2025-07-23 10:33:42,149 INFO b.i.t.e.u.d.Driver [main] Получиение элемента по локатору By.xpath: //button[@type='submit']
2025-07-23 10:33:42,207 INFO b.i.t.e.u.p.l.LoginPage [main] SUBMIT_BUTTON clicked
2025-07-23 10:33:42,208 INFO b.i.t.e.u.d.Driver [main] Получиение элемента по локатору By.xpath: //div[@class='new-input-phone_message__H_yAc']
