2025-07-22 21:11:26,952 INFO b.i.t.e.u.p.BasePage [main] clickCloseCookie start
2025-07-22 21:11:26,955 INFO b.i.t.e.u.d.Driver [main] Получиение элемента по локатору By.xpath: //button[@class='btn btn_size_medium btn_colour_black cookies_button__qWM6Y']
2025-07-22 21:11:27,859 INFO b.i.t.e.u.p.BasePage [main] SUBMIT_BUTTON_COOKIE_LOCATOR clicked
2025-07-22 21:11:27,859 INFO b.i.t.e.u.p.BasePage [main] clickLoginProfile start
2025-07-22 21:11:27,859 INFO b.i.t.e.u.d.Driver [main] Получиение элемента по локатору By.xpath: //button[@class='touchable_button__GJNQZ actions_action__button__OiPrx']
2025-07-22 21:11:28,408 INFO b.i.t.e.u.p.BasePage [main] SUBMIT_BUTTON_LOGIN_LOCATOR clicked
2025-07-22 21:11:28,413 INFO b.i.t.e.u.d.Driver [main] Получиение элемента по локатору By.xpath: //h1[@class='wrapper_title__9r4Xa']
2025-07-22 21:11:28,583 INFO b.i.t.e.u.d.Driver [main] Получиение элемента по локатору By.xpath: //label[text()='Номер телефона']
2025-07-22 21:11:28,641 INFO b.i.t.e.u.d.Driver [main] Получиение элемента по локатору By.xpath: //span[text()='Войти по паролю']
2025-07-22 21:11:28,660 INFO b.i.t.e.u.d.Driver [main] Получиение элемента по локатору By.xpath: //span[text()='Зарегистрироваться']
2025-07-22 21:11:28,674 INFO b.i.t.e.u.d.Driver [main] Получиение элемента по локатору By.xpath: //span[text()='Получить код']
2025-07-22 21:11:30,702 INFO b.i.t.e.u.p.BasePage [main] clickCloseCookie start
2025-07-22 21:11:30,702 INFO b.i.t.e.u.d.Driver [main] Получиение элемента по локатору By.xpath: //button[@class='btn btn_size_medium btn_colour_black cookies_button__qWM6Y']
2025-07-22 21:11:31,525 INFO b.i.t.e.u.p.BasePage [main] SUBMIT_BUTTON_COOKIE_LOCATOR clicked
2025-07-22 21:11:31,525 INFO b.i.t.e.u.p.BasePage [main] clickLoginProfile start
2025-07-22 21:11:31,525 INFO b.i.t.e.u.d.Driver [main] Получиение элемента по локатору By.xpath: //button[@class='touchable_button__GJNQZ actions_action__button__OiPrx']
2025-07-22 21:11:32,104 INFO b.i.t.e.u.p.BasePage [main] SUBMIT_BUTTON_LOGIN_LOCATOR clicked
2025-07-22 21:11:32,105 INFO b.i.t.e.u.d.Driver [main] Получиение элемента по локатору By.xpath: //input[@id='tel']
2025-07-22 21:11:32,306 INFO b.i.t.e.u.p.l.LoginPage [main] clickSubmitButton start
2025-07-22 21:11:32,306 INFO b.i.t.e.u.d.Driver [main] Получиение элемента по локатору By.xpath: //button[@type='submit']
2025-07-22 21:11:32,374 INFO b.i.t.e.u.p.l.LoginPage [main] SUBMIT_BUTTON clicked
2025-07-22 21:11:32,374 INFO b.i.t.e.u.d.Driver [main] Получиение элемента по локатору By.xpath: //div[@class='new-input-phone_message__H_yAc']
2025-07-22 21:11:34,625 INFO b.i.t.e.u.p.BasePage [main] clickCloseCookie start
2025-07-22 21:11:34,626 INFO b.i.t.e.u.d.Driver [main] Получиение элемента по локатору By.xpath: //button[@class='btn btn_size_medium btn_colour_black cookies_button__qWM6Y']
2025-07-22 21:11:35,434 INFO b.i.t.e.u.p.BasePage [main] SUBMIT_BUTTON_COOKIE_LOCATOR clicked
2025-07-22 21:11:35,434 INFO b.i.t.e.u.p.BasePage [main] clickLoginProfile start
2025-07-22 21:11:35,434 INFO b.i.t.e.u.d.Driver [main] Получиение элемента по локатору By.xpath: //button[@class='touchable_button__GJNQZ actions_action__button__OiPrx']
2025-07-22 21:11:36,065 INFO b.i.t.e.u.p.BasePage [main] SUBMIT_BUTTON_LOGIN_LOCATOR clicked
2025-07-22 21:11:36,065 INFO b.i.t.e.u.d.Driver [main] Получиение элемента по локатору By.xpath: //input[@id='tel']
2025-07-22 21:11:36,330 INFO b.i.t.e.u.p.l.LoginPage [main] clickSubmitButton start
2025-07-22 21:11:36,330 INFO b.i.t.e.u.d.Driver [main] Получиение элемента по локатору By.xpath: //button[@type='submit']
2025-07-22 21:11:36,406 INFO b.i.t.e.u.p.l.LoginPage [main] SUBMIT_BUTTON clicked
2025-07-22 21:11:36,407 INFO b.i.t.e.u.d.Driver [main] Получиение элемента по локатору By.xpath: //div[@class='new-input-phone_message__H_yAc']
